<?xml version="1.0" encoding="UTF-8"?>
<!-- Generated by org.testng.reporters.JUnitReportReporter -->
<testsuite hostname="VADNPDT700465" name="com.CucumberFramwork.testRunner.TestRunner" tests="1" failures="0" timestamp="8 Oct 2019 05:57:52 GMT" time="26.455" errors="0">
  <testcase name="OpenBrowser" time="26.455" classname="com.CucumberFramwork.testRunner.TestRunner"/>
</testsuite> <!-- com.CucumberFramwork.testRunner.TestRunner -->
