<?xml version="1.0" encoding="UTF-8"?>
<!-- Generated by org.testng.reporters.JUnitReportReporter -->
<testsuite hostname="VADNPDT700465" name="com.CucumberFramwork.testRunner.TestRunner" tests="1" failures="0" timestamp="11 Jun 2019 12:16:22 GMT" time="30.976" errors="0">
  <testcase name="OpenBrowser" time="30.976" classname="com.CucumberFramwork.testRunner.TestRunner"/>
</testsuite> <!-- com.CucumberFramwork.testRunner.TestRunner -->
